{"C:\\Users\\Tech Solution\\Desktop\\Food Order app\\src\\components\\Body.js": {"path":"C:\\Users\\Tech Solution\\Desktop\\Food Order app\\src\\components\\Body.js","statementMap":{"0":{"start":{"line":15,"column":13},"end":{"line":86,"column":1}},"1":{"start":{"line":16,"column":19},"end":{"line":16,"column":30}},"2":{"start":{"line":20,"column":4},"end":{"line":20,"column":23}},"3":{"start":{"line":21,"column":54},"end":{"line":25,"column":3}},"4":{"start":{"line":27,"column":40},"end":{"line":27,"column":63}},"5":{"start":{"line":29,"column":33},"end":{"line":29,"column":66}},"6":{"start":{"line":31,"column":2},"end":{"line":33,"column":3}},"7":{"start":{"line":32,"column":4},"end":{"line":32,"column":24}},"8":{"start":{"line":35,"column":2},"end":{"line":85,"column":4}},"9":{"start":{"line":44,"column":27},"end":{"line":44,"column":56}},"10":{"start":{"line":55,"column":39},"end":{"line":57,"column":13}},"11":{"start":{"line":56,"column":23},"end":{"line":56,"column":47}},"12":{"start":{"line":58,"column":12},"end":{"line":58,"column":54}},"13":{"start":{"line":71,"column":12},"end":{"line":80,"column":19}}},"fnMap":{"0":{"name":"(anonymous_0)","decl":{"start":{"line":15,"column":13},"end":{"line":15,"column":14}},"loc":{"start":{"line":15,"column":19},"end":{"line":86,"column":1}},"line":15},"1":{"name":"(anonymous_1)","decl":{"start":{"line":44,"column":20},"end":{"line":44,"column":21}},"loc":{"start":{"line":44,"column":27},"end":{"line":44,"column":56}},"line":44},"2":{"name":"(anonymous_2)","decl":{"start":{"line":54,"column":19},"end":{"line":54,"column":20}},"loc":{"start":{"line":54,"column":25},"end":{"line":59,"column":11}},"line":54},"3":{"name":"(anonymous_3)","decl":{"start":{"line":56,"column":14},"end":{"line":56,"column":15}},"loc":{"start":{"line":56,"column":23},"end":{"line":56,"column":47}},"line":56},"4":{"name":"(anonymous_4)","decl":{"start":{"line":70,"column":34},"end":{"line":70,"column":35}},"loc":{"start":{"line":71,"column":12},"end":{"line":80,"column":19}},"line":71}},"branchMap":{"0":{"loc":{"start":{"line":31,"column":2},"end":{"line":33,"column":3}},"type":"if","locations":[{"start":{"line":31,"column":2},"end":{"line":33,"column":3}},{"start":{},"end":{}}],"line":31},"1":{"loc":{"start":{"line":66,"column":7},"end":{"line":83,"column":7}},"type":"cond-expr","locations":[{"start":{"line":67,"column":8},"end":{"line":67,"column":19}},{"start":{"line":69,"column":8},"end":{"line":82,"column":14}}],"line":66},"2":{"loc":{"start":{"line":75,"column":15},"end":{"line":79,"column":15}},"type":"cond-expr","locations":[{"start":{"line":76,"column":16},"end":{"line":76,"column":63}},{"start":{"line":78,"column":16},"end":{"line":78,"column":55}}],"line":75}},"s":{"0":1,"1":7,"2":7,"3":7,"4":7,"5":7,"6":7,"7":0,"8":7,"9":1,"10":1,"11":9,"12":1,"13":32},"f":{"0":7,"1":1,"2":1,"3":9,"4":32},"b":{"0":[0,7],"1":[2,5],"2":[32,0]},"_coverageSchema":"1a1c01bbd47fc00a2c39e90264f33305004495a9","hash":"8d4bef393009eb6efde058b3cf8ee81e7105a03d"}
,"C:\\Users\\Tech Solution\\Desktop\\Food Order app\\src\\components\\Contact.js": {"path":"C:\\Users\\Tech Solution\\Desktop\\Food Order app\\src\\components\\Contact.js","statementMap":{"0":{"start":{"line":1,"column":16},"end":{"line":22,"column":1}},"1":{"start":{"line":2,"column":2},"end":{"line":21,"column":4}}},"fnMap":{"0":{"name":"(anonymous_0)","decl":{"start":{"line":1,"column":16},"end":{"line":1,"column":17}},"loc":{"start":{"line":1,"column":22},"end":{"line":22,"column":1}},"line":1}},"branchMap":{},"s":{"0":1,"1":5},"f":{"0":5},"b":{},"_coverageSchema":"1a1c01bbd47fc00a2c39e90264f33305004495a9","hash":"34f93d9a6e8d98679dd11f529282d5deeddb133b"}
,"C:\\Users\\Tech Solution\\Desktop\\Food Order app\\src\\components\\Header.js": {"path":"C:\\Users\\Tech Solution\\Desktop\\Food Order app\\src\\components\\Header.js","statementMap":{"0":{"start":{"line":6,"column":15},"end":{"line":55,"column":1}},"1":{"start":{"line":7,"column":36},"end":{"line":7,"column":51}},"2":{"start":{"line":8,"column":23},"end":{"line":10,"column":3}},"3":{"start":{"line":9,"column":4},"end":{"line":9,"column":49}},"4":{"start":{"line":9,"column":34},"end":{"line":9,"column":47}},"5":{"start":{"line":11,"column":19},"end":{"line":11,"column":30}},"6":{"start":{"line":14,"column":20},"end":{"line":14,"column":60}},"7":{"start":{"line":14,"column":43},"end":{"line":14,"column":59}},"8":{"start":{"line":16,"column":2},"end":{"line":54,"column":4}}},"fnMap":{"0":{"name":"(anonymous_0)","decl":{"start":{"line":6,"column":15},"end":{"line":6,"column":16}},"loc":{"start":{"line":6,"column":21},"end":{"line":55,"column":1}},"line":6},"1":{"name":"(anonymous_1)","decl":{"start":{"line":8,"column":23},"end":{"line":8,"column":24}},"loc":{"start":{"line":8,"column":29},"end":{"line":10,"column":3}},"line":8},"2":{"name":"(anonymous_2)","decl":{"start":{"line":9,"column":16},"end":{"line":9,"column":17}},"loc":{"start":{"line":9,"column":34},"end":{"line":9,"column":47}},"line":9},"3":{"name":"(anonymous_3)","decl":{"start":{"line":14,"column":32},"end":{"line":14,"column":33}},"loc":{"start":{"line":14,"column":43},"end":{"line":14,"column":59}},"line":14}},"branchMap":{"0":{"loc":{"start":{"line":25,"column":48},"end":{"line":25,"column":69}},"type":"cond-expr","locations":[{"start":{"line":25,"column":59},"end":{"line":25,"column":62}},{"start":{"line":25,"column":65},"end":{"line":25,"column":69}}],"line":25},"1":{"loc":{"start":{"line":42,"column":11},"end":{"line":50,"column":11}},"type":"cond-expr","locations":[{"start":{"line":43,"column":12},"end":{"line":45,"column":18}},{"start":{"line":47,"column":12},"end":{"line":49,"column":18}}],"line":42}},"s":{"0":1,"1":5,"2":5,"3":1,"4":1,"5":5,"6":5,"7":9,"8":5},"f":{"0":5,"1":1,"2":1,"3":9},"b":{"0":[5,0],"1":[1,4]},"_coverageSchema":"1a1c01bbd47fc00a2c39e90264f33305004495a9","hash":"f6a75b99aea13d829320cfc933c95733e9a12fbc"}
,"C:\\Users\\Tech Solution\\Desktop\\Food Order app\\src\\components\\RestaurantCard.js": {"path":"C:\\Users\\Tech Solution\\Desktop\\Food Order app\\src\\components\\RestaurantCard.js","statementMap":{"0":{"start":{"line":3,"column":23},"end":{"line":24,"column":1}},"1":{"start":{"line":4,"column":22},"end":{"line":4,"column":27}},"2":{"start":{"line":5,"column":2},"end":{"line":5,"column":23}},"3":{"start":{"line":13,"column":6},"end":{"line":13,"column":18}},"4":{"start":{"line":14,"column":2},"end":{"line":23,"column":4}},"5":{"start":{"line":26,"column":33},"end":{"line":37,"column":1}},"6":{"start":{"line":27,"column":2},"end":{"line":36,"column":4}},"7":{"start":{"line":28,"column":4},"end":{"line":35,"column":6}}},"fnMap":{"0":{"name":"(anonymous_0)","decl":{"start":{"line":3,"column":23},"end":{"line":3,"column":24}},"loc":{"start":{"line":3,"column":34},"end":{"line":24,"column":1}},"line":3},"1":{"name":"(anonymous_1)","decl":{"start":{"line":26,"column":33},"end":{"line":26,"column":34}},"loc":{"start":{"line":26,"column":53},"end":{"line":37,"column":1}},"line":26},"2":{"name":"(anonymous_2)","decl":{"start":{"line":27,"column":9},"end":{"line":27,"column":10}},"loc":{"start":{"line":27,"column":20},"end":{"line":36,"column":3}},"line":27}},"branchMap":{},"s":{"0":2,"1":34,"2":34,"3":34,"4":34,"5":2,"6":8,"7":33},"f":{"0":34,"1":8,"2":33},"b":{},"_coverageSchema":"1a1c01bbd47fc00a2c39e90264f33305004495a9","hash":"f2048d2d3038c8447b7f9f8663a0b40be44ad766"}
,"C:\\Users\\Tech Solution\\Desktop\\Food Order app\\src\\utils\\appStore.js": {"path":"C:\\Users\\Tech Solution\\Desktop\\Food Order app\\src\\utils\\appStore.js","statementMap":{"0":{"start":{"line":3,"column":17},"end":{"line":7,"column":2}}},"fnMap":{},"branchMap":{},"s":{"0":1},"f":{},"b":{},"_coverageSchema":"1a1c01bbd47fc00a2c39e90264f33305004495a9","hash":"dea1ede3a2304e56b40a555dc807c358c7e119d5"}
,"C:\\Users\\Tech Solution\\Desktop\\Food Order app\\src\\utils\\constant.js": {"path":"C:\\Users\\Tech Solution\\Desktop\\Food Order app\\src\\utils\\constant.js","statementMap":{"0":{"start":{"line":4,"column":24},"end":{"line":4,"column":135}},"1":{"start":{"line":7,"column":25},"end":{"line":7,"column":116}},"2":{"start":{"line":11,"column":28},"end":{"line":11,"column":151}}},"fnMap":{},"branchMap":{},"s":{"0":3,"1":3,"2":3},"f":{},"b":{},"_coverageSchema":"1a1c01bbd47fc00a2c39e90264f33305004495a9","hash":"472110242f84cd0cf4cf6c0e5a18785ae4e6bee6"}
}
