TN:
SF:src\components\Body.js
FN:15,(anonymous_0)
FN:44,(anonymous_1)
FN:54,(anonymous_2)
FN:56,(anonymous_3)
FN:70,(anonymous_4)
FNF:5
FNH:5
FNDA:7,(anonymous_0)
FNDA:1,(anonymous_1)
FNDA:1,(anonymous_2)
FNDA:9,(anonymous_3)
FNDA:32,(anonymous_4)
DA:15,1
DA:16,7
DA:20,7
DA:21,7
DA:27,7
DA:29,7
DA:31,7
DA:32,0
DA:35,7
DA:44,1
DA:55,1
DA:56,9
DA:58,1
DA:71,32
LF:14
LH:13
BRDA:31,0,0,0
BRDA:31,0,1,7
BRDA:66,1,0,2
BRDA:66,1,1,5
BRDA:75,2,0,32
BRDA:75,2,1,0
BRF:6
BRH:4
end_of_record
TN:
SF:src\components\Contact.js
FN:1,(anonymous_0)
FNF:1
FNH:1
FNDA:5,(anonymous_0)
DA:1,1
DA:2,5
LF:2
LH:2
BRF:0
BRH:0
end_of_record
TN:
SF:src\components\Header.js
FN:6,(anonymous_0)
FN:8,(anonymous_1)
FN:9,(anonymous_2)
FN:14,(anonymous_3)
FNF:4
FNH:4
FNDA:5,(anonymous_0)
FNDA:1,(anonymous_1)
FNDA:1,(anonymous_2)
FNDA:9,(anonymous_3)
DA:6,1
DA:7,5
DA:8,5
DA:9,1
DA:11,5
DA:14,9
DA:16,5
LF:7
LH:7
BRDA:25,0,0,5
BRDA:25,0,1,0
BRDA:42,1,0,1
BRDA:42,1,1,4
BRF:4
BRH:3
end_of_record
TN:
SF:src\components\RestaurantCard.js
FN:3,(anonymous_0)
FN:26,(anonymous_1)
FN:27,(anonymous_2)
FNF:3
FNH:3
FNDA:34,(anonymous_0)
FNDA:8,(anonymous_1)
FNDA:33,(anonymous_2)
DA:3,2
DA:4,34
DA:5,34
DA:13,34
DA:14,34
DA:26,2
DA:27,8
DA:28,33
LF:8
LH:8
BRF:0
BRH:0
end_of_record
TN:
SF:src\utils\appStore.js
FNF:0
FNH:0
DA:3,1
LF:1
LH:1
BRF:0
BRH:0
end_of_record
TN:
SF:src\utils\constant.js
FNF:0
FNH:0
DA:4,3
DA:7,3
DA:11,3
LF:3
LH:3
BRF:0
BRH:0
end_of_record
